This is pTeX, Version 3.1415 p2.1.4 (JIS) (C version 6.1) (format=platex 97.5.17)  4 NOV 1997 16:04
**alg297mid-sol.tex
(alg297mid-sol.tex
pLaTeX2e <1997/02/01>+2 (based on LaTeX2e <1996/12/01> patch level 0)
(/usr/local/lib/texmf/tex/platex2e/base/pl209.def
Entering pLaTeX 2.09 compatibility mode.
(/usr/local/lib/texmf/tex/latex2e/base/latex209.def
File: latex209.def 1996/05/21 v0.51 Standard LaTeX file

Entering LaTeX 2.09 compatibility mode.
\footheight=\dimen118
\@maxsep=\dimen119
\@dblmaxsep=\dimen120
\@cla=\count81
\@clb=\count82
\mscount=\count83
(/usr/local/lib/texmf/tex/latex2e/base/tracefnt.sty
Package: tracefnt 1996/07/26 v3.0i Standard LaTeX package (font tracing)
\tracingfonts=\count84
LaTeX Info: Redefining \selectfont on input line 139.
)
\symbold=\mathgroup4
\symsans=\mathgroup5
\symtypewriter=\mathgroup6
\symitalic=\mathgroup7
\symsmallcaps=\mathgroup8
\symslanted=\mathgroup9
LaTeX Font Info:    Redeclaring math alphabet \mathbf on input line 306.
LaTeX Font Info:    Redeclaring math alphabet \mathsf on input line 307.
LaTeX Font Info:    Redeclaring math alphabet \mathtt on input line 308.
LaTeX Font Info:    Redeclaring math alphabet \mathit on input line 314.
LaTeX Info: Redefining \em on input line 324.

(/usr/local/lib/texmf/tex/latex2e/base/latexsym.sty
Package: latexsym 1996/11/20 v2.2d Standard LaTeX package (lasy symbols)
\symlasy=\mathgroup10
LaTeX Font Info:    Overwriting symbol font `lasy' in version `bold'
(Font)                  U/lasy/m/n --> U/lasy/b/n on input line 85.
)
LaTeX Font Info:    Redeclaring math delimiter \lgroup on input line 388.
LaTeX Font Info:    Redeclaring math delimiter \rgroup on input line 390.
LaTeX Font Info:    Redeclaring math delimiter \bracevert on input line 392.
)
(/usr/local/lib/texmf/tex/platex2e/base/ptrace.sty
LaTeX Info: Redefining \selectfont on input line 36.
\adjust@box=\box41
\adjust@dimen=\dimen121
)
\symmincho=\mathgroup11
\symgothic=\mathgroup12
LaTeX Font Info:    Overwriting symbol font `mincho' in version `bold'
(Font)                  JY1/mc/m/n --> JY1/gt/m/n on input line 55.
LaTeX Info: Redefining \bf on input line 69.
LaTeX Info: Redefining \rm on input line 76.
LaTeX Info: Redefining \sf on input line 77.
LaTeX Info: Redefining \sl on input line 78.
LaTeX Info: Redefining \sc on input line 79.
LaTeX Info: Redefining \it on input line 80.
LaTeX Info: Redefining \tt on input line 81.
)
(/usr/local/lib/texmf/tex/platex2e/base/jarticle.cls
Document Class: jarticle 1997/02/05 v1.1d Standard pLaTeX class
\c@@paper=\count85
(/usr/local/lib/texmf/tex/platex2e/base/jsize12.clo
File: jsize12.clo 1997/02/05 v1.1d Standard pLaTeX file (size option)
)
\c@part=\count86
\c@section=\count87
\c@subsection=\count88
\c@subsubsection=\count89
\c@paragraph=\count90
\c@subparagraph=\count91
\c@figure=\count92
\c@table=\count93
\abovecaptionskip=\skip41
\belowcaptionskip=\skip42
LaTeX Font Info:    Redeclaring symbol font `mincho' on input line 599.
LaTeX Font Info:    Overwriting symbol font `mincho' in version `normal'
(Font)                  JY1/mc/m/n --> JY1/mc/m/n on input line 599.
LaTeX Font Info:    Overwriting symbol font `mincho' in version `bold'
(Font)                  JY1/gt/m/n --> JY1/mc/m/n on input line 599.
LaTeX Font Info:    Redeclaring math alphabet \mathmc on input line 600.
LaTeX Font Info:    Overwriting symbol font `mincho' in version `bold'
(Font)                  JY1/mc/m/n --> JY1/gt/m/n on input line 601.
LaTeX Font Info:    Redeclaring math alphabet \mathgt on input line 602.
LaTeX Info: Redefining \mathrm on input line 603.
LaTeX Info: Redefining \mathbf on input line 604.
Compatibility mode: definition of \mc ignored.
Compatibility mode: definition of \gt ignored.
Compatibility mode: definition of \rm ignored.
Compatibility mode: definition of \sf ignored.
Compatibility mode: definition of \tt ignored.
Compatibility mode: definition of \bf ignored.
Compatibility mode: definition of \it ignored.
Compatibility mode: definition of \sl ignored.
Compatibility mode: definition of \sc ignored.
LaTeX Info: Redefining \cal on input line 625.
LaTeX Info: Redefining \mit on input line 626.
\toclineskip=\dimen122
\@lnumwidth=\dimen123
\bibindent=\dimen124
)
\c@thm=\count94
 (alg297mid-sol.aux)
LaTeX Font Info:    Checking defaults for OML/cmm/m/it on input line 24.
LaTeX Font Info:    ... okay on input line 24.
LaTeX Font Info:    Checking defaults for T1/cmr/m/n on input line 24.
LaTeX Font Info:    ... okay on input line 24.
LaTeX Font Info:    Checking defaults for OT1/cmr/m/n on input line 24.
LaTeX Font Info:    ... okay on input line 24.
LaTeX Font Info:    Checking defaults for OMS/cmsy/m/n on input line 24.
LaTeX Font Info:    ... okay on input line 24.
LaTeX Font Info:    Checking defaults for OMX/cmex/m/n on input line 24.
LaTeX Font Info:    ... okay on input line 24.
LaTeX Font Info:    Checking defaults for U/cmr/m/n on input line 24.
LaTeX Font Info:    ... okay on input line 24.
LaTeX Font Info:    Checking defaults for JY1/mc/m/n on input line 24.
LaTeX Font Info:    ... okay on input line 24.
LaTeX Font Info:    Checking defaults for JT1/mc/m/n on input line 24.
LaTeX Font Info:    ... okay on input line 24.
LaTeX Font Info:    External font `cmex10' loaded for size
(Font)              <12> on input line 31.
LaTeX Font Info:    External font `cmex10' loaded for size
(Font)              <8> on input line 31.
LaTeX Font Info:    External font `cmex10' loaded for size
(Font)              <6> on input line 31.
LaTeX Font Info:    Try loading font information for U+lasy on input line 31.

(/usr/local/lib/texmf/tex/latex2e/base/ulasy.fd
File: ulasy.fd 1996/11/20 v2.2dLaTeX symbol font definitions
)
LaTeX Font Info:    External font `cmex10' loaded for size
(Font)              <14.4> on input line 31.
LaTeX Font Info:    External font `cmex10' loaded for size
(Font)              <7> on input line 31.
LaTeX Font Info:    Font shape `U/lasy/b/n' in size <8> not available
(Font)              Font shape `U/lasy/m/n' tried instead on input line 39.
LaTeX Font Info:    Font shape `U/lasy/b/n' in size <6> not available
(Font)              Font shape `U/lasy/m/n' tried instead on input line 39.
 [1

] [2] [3] [4]
(alg297mid-sol.aux) ) 
Here is how much of TeX's memory you used:
 524 strings out of 10610
 5364 string characters out of 125066
 54174 words of memory out of 262141
 3589 multiletter control sequences out of 9500
 27814 words of font info for 105 fonts, out of 100000 for 255
 14 hyphenation exceptions out of 607
 24i,4n,21p,398b,267s stack positions out of 300i,40n,60p,4096b,4000s

Output written on alg297mid-sol.dvi (4 pages, 15536 bytes).
