This is PTeX, C Version 2.99 j1.7 p1.0.9F (preloaded format=jlplain 95.8.20)  4 JUN 1997 11:02
**&jlatex algebra1text
(algebra1text.tex
LaTeX Version 2.09 <24 May 1989>
(/usr/local/lib/tex/jmacros/jarticle.sty
Document Style `jarticle' <18 Dec 88>.
(/usr/local/lib/tex/jmacros/jart12.sty)
\c@part=\count78
\c@section=\count79
\c@subsection=\count80
\c@subsubsection=\count81
\c@paragraph=\count82
\c@subparagraph=\count83
\c@figure=\count84
\c@table=\count85
)
\c@thm=\count86
\c@exercise=\count87
\c@example=\count88
\c@problem=\count89
\c@defin=\count90
 (algebra1text.aux) [0

] [1] [2]
[1] [2] [1] [2] [3] [1] [2] [1] [2] [3] [1] [2] [3] [1]
Overfull \hbox (15.1034pt too wide) detected at line 657
\twlmi f \twlrm : \twlmi G \twlrm = [] \twlsy ! []\twlrm (\twlmi r; []\twlrm ) 
 [] \twlmi :

\hbox(19.49998+13.49998)x426.79134
.\twlmi f
.\kern1.28123
.\glue(\thickmuskip) 3.33328 plus 3.33328
.\twlrm :
.\glue(\thickmuskip) 3.33328 plus 3.33328
.etc.

[2] [1] [2] [1] [2] [3] [1] [2] [3] (algebra1text.aux) 
Here is how much of TeX's memory you used:
 236 strings out of 4315
 2236 string characters out of 62140
 38903 words of memory out of 262141
 2277 multiletter control sequences out of 9500
 24665 words of font info for 93 fonts, out of 72000 for 255
 14 hyphenation exceptions out of 607
 14i,9n,15p,682b,271s stack positions out of 300i,40n,60p,4096b,4000s

Output written on algebra1text.dvi (26 pages, 91744 bytes).
